# JRE version: OpenJDK Runtime Environment (11.0.2+9) (build 11.0.2+9)
# Java VM: OpenJDK 64-Bit Server VM (11.0.2+9, mixed mode, tiered, compressed oops, g1 gc, windows-amd64)
Heap:
 garbage-first heap   total 312320K, used 132601K [0x0000000702c00000, 0x0000000800000000)
  region size 1024K, 70 young (71680K), 6 survivors (6144K)
 Metaspace       used 87048K, capacity 89160K, committed 89216K, reserved 1126400K
  class space    used 10992K, capacity 11861K, committed 11904K, reserved 1048576K
GC Heap History (10 events):
Event: 12.031 GC heap before
{Heap before GC invocations=10 (full 0):
 garbage-first heap   total 260096K, used 118603K [0x0000000702c00000, 0x0000000800000000)
  region size 1024K, 103 young (105472K), 13 survivors (13312K)
 Metaspace       used 58510K, capacity 60024K, committed 60160K, reserved 1101824K
  class space    used 7196K, capacity 7824K, committed 7936K, reserved 1048576K
}
Event: 12.044 GC heap after
{Heap after GC invocations=11 (full 0):
 garbage-first heap   total 312320K, used 33603K [0x0000000702c00000, 0x0000000800000000)
  region size 1024K, 14 young (14336K), 14 survivors (14336K)
 Metaspace       used 58510K, capacity 60024K, committed 60160K, reserved 1101824K
  class space    used 7196K, capacity 7824K, committed 7936K, reserved 1048576K
}
Event: 15.784 GC heap before
{Heap before GC invocations=12 (full 0):
 garbage-first heap   total 312320K, used 206659K [0x0000000702c00000, 0x0000000800000000)
  region size 1024K, 183 young (187392K), 14 survivors (14336K)
 Metaspace       used 74570K, capacity 76231K, committed 76544K, reserved 1116160K
  class space    used 9476K, capacity 10155K, committed 10240K, reserved 1048576K
}
Event: 15.798 GC heap after
{Heap after GC invocations=13 (full 0):
 garbage-first heap   total 312320K, used 37831K [0x0000000702c00000, 0x0000000800000000)
  region size 1024K, 13 young (13312K), 13 survivors (13312K)
 Metaspace       used 74570K, capacity 76231K, committed 76544K, reserved 1116160K
  class space    used 9476K, capacity 10155K, committed 10240K, reserved 1048576K
}
Event: 17.268 GC heap before
{Heap before GC invocations=13 (full 0):
 garbage-first heap   total 312320K, used 212935K [0x0000000702c00000, 0x0000000800000000)
  region size 1024K, 183 young (187392K), 13 survivors (13312K)
 Metaspace       used 78477K, capacity 80305K, committed 80640K, reserved 1120256K
  class space    used 9908K, capacity 10632K, committed 10752K, reserved 1048576K
}
Event: 17.294 GC heap after
{Heap after GC invocations=14 (full 0):
 garbage-first heap   total 312320K, used 58165K [0x0000000702c00000, 0x0000000800000000)
  region size 1024K, 23 young (23552K), 23 survivors (23552K)
 Metaspace       used 78477K, capacity 80305K, committed 80640K, reserved 1120256K
  class space    used 9908K, capacity 10632K, committed 10752K, reserved 1048576K
}
Event: 17.906 GC heap before
{Heap before GC invocations=14 (full 0):
 garbage-first heap   total 312320K, used 225077K [0x0000000702c00000, 0x0000000800000000)
  region size 1024K, 183 young (187392K), 23 survivors (23552K)
 Metaspace       used 78698K, capacity 80539K, committed 80640K, reserved 1120256K
  class space    used 9919K, capacity 10667K, committed 10752K, reserved 1048576K
}
Event: 17.928 GC heap after
{Heap after GC invocations=15 (full 0):
 garbage-first heap   total 312320K, used 73473K [0x0000000702c00000, 0x0000000800000000)
  region size 1024K, 15 young (15360K), 15 survivors (15360K)
 Metaspace       used 78698K, capacity 80539K, committed 80640K, reserved 1120256K
  class space    used 9919K, capacity 10667K, committed 10752K, reserved 1048576K
}
Event: 21.365 GC heap before
{Heap before GC invocations=15 (full 0):
 garbage-first heap   total 312320K, used 238337K [0x0000000702c00000, 0x0000000800000000)
  region size 1024K, 176 young (180224K), 15 survivors (15360K)
 Metaspace       used 82116K, capacity 84115K, committed 84224K, reserved 1122304K
  class space    used 10415K, capacity 11219K, committed 11264K, reserved 1048576K
}
Event: 21.373 GC heap after
{Heap after GC invocations=16 (full 0):
 garbage-first heap   total 312320K, used 68089K [0x0000000702c00000, 0x0000000800000000)
  region size 1024K, 6 young (6144K), 6 survivors (6144K)
 Metaspace       used 82116K, capacity 84115K, committed 84224K, reserved 1122304K
  class space    used 10415K, capacity 11219K, committed 11264K, reserved 1048576K
}

